App/app/build/intermediates/manifest_merge_blame_file/debug/manifest-merger-blame-debug-report.txt
1<?xml version="1.0" encoding="utf-8"?>
2<manifest xmlns:android="http://schemas.android.com/apk/res/android"
3    package="com.example.dashcontrol"
4    android:versionCode="1"
5    android:versionName="1.0" >
6
7    <uses-sdk
8        android:minSdkVersion="22"
8-->src\main\AndroidManifest.xml
9        android:targetSdkVersion="30" />
9-->src\main\AndroidManifest.xml
10
11    <uses-permission android:name="android.permission.INTERNET" />
11-->src\main\AndroidManifest.xml:5:5-67
11-->src\main\AndroidManifest.xml:5:22-64
12    <uses-permission android:name="android.permission.ACCESS_FINE_LOCATION" />
12-->src\main\AndroidManifest.xml:6:5-79
12-->src\main\AndroidManifest.xml:6:22-76
13    <uses-permission android:name="android.permission.CHANGE_WIFI_STATE" />
13-->src\main\AndroidManifest.xml:7:5-76
13-->src\main\AndroidManifest.xml:7:22-73
14    <uses-permission android:name="android.permission.ACCESS_WIFI_STATE" />
14-->src\main\AndroidManifest.xml:8:5-76
14-->src\main\AndroidManifest.xml:8:22-73
15    <uses-permission android:name="android.permission.CHANGE_WIFI_MULTICAST_STATE" />
15-->[com.github.andriydruk:dnssd:0.9.13] AndroidManifest.xml:11:5-86
15-->[com.github.andriydruk:dnssd:0.9.13] AndroidManifest.xml:11:22-83
16    <uses-permission android:name="android.permission.ACCESS_NETWORK_STATE" />
16-->[com.google.firebase:firebase-auth:20.0.2] AndroidManifest.xml:24:5-79
16-->[com.google.firebase:firebase-auth:20.0.2] AndroidManifest.xml:24:22-76
17    <uses-permission android:name="android.permission.WAKE_LOCK" />
17-->[com.google.android.gms:play-services-measurement-api:18.0.2] AndroidManifest.xml:24:5-68
17-->[com.google.android.gms:play-services-measurement-api:18.0.2] AndroidManifest.xml:24:22-65
18    <uses-permission android:name="com.google.android.finsky.permission.BIND_GET_INSTALL_REFERRER_SERVICE" />
18-->[com.google.android.gms:play-services-measurement:18.0.2] AndroidManifest.xml:26:5-110
18-->[com.google.android.gms:play-services-measurement:18.0.2] AndroidManifest.xml:26:22-107
19
20    <application
20-->src\main\AndroidManifest.xml:10:5-50:19
21        android:allowBackup="true"
21-->src\main\AndroidManifest.xml:11:9-35
22        android:appComponentFactory="androidx.core.app.CoreComponentFactory"
22-->[androidx.core:core:1.3.2] AndroidManifest.xml:24:18-86
23        android:debuggable="true"
24        android:icon="@mipmap/ic_launcher"
24-->src\main\AndroidManifest.xml:12:9-43
25        android:label="@string/app_name"
25-->src\main\AndroidManifest.xml:13:9-41
26        android:roundIcon="@mipmap/ic_launcher_round"
26-->src\main\AndroidManifest.xml:14:9-54
27        android:supportsRtl="true"
27-->src\main\AndroidManifest.xml:15:9-35
28        android:testOnly="true"
29        android:theme="@style/Theme.DashControl"
29-->src\main\AndroidManifest.xml:16:9-49
30        android:usesCleartextTraffic="true" >
30-->src\main\AndroidManifest.xml:17:9-44
31        <activity android:name="com.example.dashcontrol.VerProgramacoesWeb" />
31-->src\main\AndroidManifest.xml:18:9-65
31-->src\main\AndroidManifest.xml:18:19-53
32        <activity android:name="com.example.dashcontrol.Teste" />
32-->src\main\AndroidManifest.xml:19:9-43
32-->src\main\AndroidManifest.xml:19:19-40
33        <activity android:name="com.example.dashcontrol.PersonalizarIcones" />
33-->src\main\AndroidManifest.xml:20:9-65
33-->src\main\AndroidManifest.xml:20:19-53
34        <activity android:name="com.example.dashcontrol.NovaProgramacao" />
34-->src\main\AndroidManifest.xml:21:9-62
34-->src\main\AndroidManifest.xml:21:19-50
35        <activity android:name="com.example.dashcontrol.DataEspWeb" />
35-->src\main\AndroidManifest.xml:22:9-48
35-->src\main\AndroidManifest.xml:22:19-45
36        <activity
36-->src\main\AndroidManifest.xml:23:9-25:52
37            android:name="com.example.dashcontrol.DashWeb"
37-->src\main\AndroidManifest.xml:24:13-36
38            android:screenOrientation="portrait" />
38-->src\main\AndroidManifest.xml:25:13-49
39        <activity
39-->src\main\AndroidManifest.xml:26:9-28:52
40            android:name="com.example.dashcontrol.CadastrarUsuario"
40-->src\main\AndroidManifest.xml:27:13-45
41            android:screenOrientation="portrait" />
41-->src\main\AndroidManifest.xml:28:13-49
42        <activity
42-->src\main\AndroidManifest.xml:29:9-31:52
43            android:name="com.example.dashcontrol.SetDataEsp"
43-->src\main\AndroidManifest.xml:30:13-39
44            android:screenOrientation="portrait" />
44-->src\main\AndroidManifest.xml:31:13-49
45        <activity
45-->src\main\AndroidManifest.xml:32:9-35:52
46            android:name="com.example.dashcontrol.DashLocal"
46-->src\main\AndroidManifest.xml:33:13-38
47            android:launchMode="singleInstance"
47-->src\main\AndroidManifest.xml:34:13-48
48            android:screenOrientation="portrait" />
48-->src\main\AndroidManifest.xml:35:13-49
49        <activity
49-->src\main\AndroidManifest.xml:36:9-39:68
50            android:name="com.example.dashcontrol.Login"
50-->src\main\AndroidManifest.xml:37:13-34
51            android:screenOrientation="portrait"
51-->src\main\AndroidManifest.xml:38:13-49
52            android:theme="@style/Theme.DashControl.NoActionBar" />
52-->src\main\AndroidManifest.xml:39:13-65
53        <activity
53-->src\main\AndroidManifest.xml:40:9-42:52
54            android:name="com.example.dashcontrol.ConfigureEsp"
54-->src\main\AndroidManifest.xml:41:13-41
55            android:screenOrientation="portrait" />
55-->src\main\AndroidManifest.xml:42:13-49
56        <activity android:name="com.example.dashcontrol.MainActivity" >
56-->src\main\AndroidManifest.xml:43:9-49:20
56-->src\main\AndroidManifest.xml:43:19-47
57            <intent-filter>
57-->src\main\AndroidManifest.xml:44:13-48:29
58                <action android:name="android.intent.action.MAIN" />
58-->src\main\AndroidManifest.xml:45:17-69
58-->src\main\AndroidManifest.xml:45:25-66
59
60                <category android:name="android.intent.category.LAUNCHER" />
60-->src\main\AndroidManifest.xml:47:17-77
60-->src\main\AndroidManifest.xml:47:27-74
61            </intent-filter>
62        </activity>
63        <activity
63-->[com.google.firebase:firebase-auth:20.0.2] AndroidManifest.xml:27:9-44:20
64            android:name="com.google.firebase.auth.internal.GenericIdpActivity"
64-->[com.google.firebase:firebase-auth:20.0.2] AndroidManifest.xml:28:13-80
65            android:excludeFromRecents="true"
65-->[com.google.firebase:firebase-auth:20.0.2] AndroidManifest.xml:29:13-46
66            android:exported="true"
66-->[com.google.firebase:firebase-auth:20.0.2] AndroidManifest.xml:30:13-36
67            android:launchMode="singleTask"
67-->[com.google.firebase:firebase-auth:20.0.2] AndroidManifest.xml:31:13-44
68            android:theme="@android:style/Theme.Translucent.NoTitleBar" >
68-->[com.google.firebase:firebase-auth:20.0.2] AndroidManifest.xml:32:13-72
69            <intent-filter>
69-->[com.google.firebase:firebase-auth:20.0.2] AndroidManifest.xml:33:13-43:29
70                <action android:name="android.intent.action.VIEW" />
70-->[com.google.firebase:firebase-auth:20.0.2] AndroidManifest.xml:34:17-69
70-->[com.google.firebase:firebase-auth:20.0.2] AndroidManifest.xml:34:25-66
71
72                <category android:name="android.intent.category.DEFAULT" />
72-->[com.google.firebase:firebase-auth:20.0.2] AndroidManifest.xml:36:17-76
72-->[com.google.firebase:firebase-auth:20.0.2] AndroidManifest.xml:36:27-73
73                <category android:name="android.intent.category.BROWSABLE" />
73-->[com.google.firebase:firebase-auth:20.0.2] AndroidManifest.xml:37:17-78
73-->[com.google.firebase:firebase-auth:20.0.2] AndroidManifest.xml:37:27-75
74
75                <data
75-->[com.google.firebase:firebase-auth:20.0.2] AndroidManifest.xml:39:17-42:51
76                    android:host="firebase.auth"
76-->[com.google.firebase:firebase-auth:20.0.2] AndroidManifest.xml:40:21-49
77                    android:path="/"
77-->[com.google.firebase:firebase-auth:20.0.2] AndroidManifest.xml:41:21-37
78                    android:scheme="genericidp" />
78-->[com.google.firebase:firebase-auth:20.0.2] AndroidManifest.xml:42:21-48
79            </intent-filter>
80        </activity>
81        <activity
81-->[com.google.firebase:firebase-auth:20.0.2] AndroidManifest.xml:45:9-62:20
82            android:name="com.google.firebase.auth.internal.RecaptchaActivity"
82-->[com.google.firebase:firebase-auth:20.0.2] AndroidManifest.xml:46:13-79
83            android:excludeFromRecents="true"
83-->[com.google.firebase:firebase-auth:20.0.2] AndroidManifest.xml:47:13-46
84            android:exported="true"
84-->[com.google.firebase:firebase-auth:20.0.2] AndroidManifest.xml:48:13-36
85            android:launchMode="singleTask"
85-->[com.google.firebase:firebase-auth:20.0.2] AndroidManifest.xml:49:13-44
86            android:theme="@android:style/Theme.Translucent.NoTitleBar" >
86-->[com.google.firebase:firebase-auth:20.0.2] AndroidManifest.xml:50:13-72
87            <intent-filter>
87-->[com.google.firebase:firebase-auth:20.0.2] AndroidManifest.xml:51:13-61:29
88                <action android:name="android.intent.action.VIEW" />
88-->[com.google.firebase:firebase-auth:20.0.2] AndroidManifest.xml:34:17-69
88-->[com.google.firebase:firebase-auth:20.0.2] AndroidManifest.xml:34:25-66
89
90                <category android:name="android.intent.category.DEFAULT" />
90-->[com.google.firebase:firebase-auth:20.0.2] AndroidManifest.xml:36:17-76
90-->[com.google.firebase:firebase-auth:20.0.2] AndroidManifest.xml:36:27-73
91                <category android:name="android.intent.category.BROWSABLE" />
91-->[com.google.firebase:firebase-auth:20.0.2] AndroidManifest.xml:37:17-78
91-->[com.google.firebase:firebase-auth:20.0.2] AndroidManifest.xml:37:27-75
92
93                <data
93-->[com.google.firebase:firebase-auth:20.0.2] AndroidManifest.xml:39:17-42:51
94                    android:host="firebase.auth"
94-->[com.google.firebase:firebase-auth:20.0.2] AndroidManifest.xml:40:21-49
95                    android:path="/"
95-->[com.google.firebase:firebase-auth:20.0.2] AndroidManifest.xml:41:21-37
96                    android:scheme="recaptcha" />
96-->[com.google.firebase:firebase-auth:20.0.2] AndroidManifest.xml:42:21-48
97            </intent-filter>
98        </activity>
99
100        <service
100-->[com.google.firebase:firebase-auth:20.0.2] AndroidManifest.xml:64:9-73:19
101            android:name="com.google.firebase.auth.api.fallback.service.FirebaseAuthFallbackService"
101-->[com.google.firebase:firebase-auth:20.0.2] AndroidManifest.xml:65:13-101
102            android:enabled="true"
102-->[com.google.firebase:firebase-auth:20.0.2] AndroidManifest.xml:66:13-35
103            android:exported="false" >
103-->[com.google.firebase:firebase-auth:20.0.2] AndroidManifest.xml:67:13-37
104            <intent-filter>
104-->[com.google.firebase:firebase-auth:20.0.2] AndroidManifest.xml:68:13-72:29
105                <action android:name="com.google.firebase.auth.api.gms.service.START" />
105-->[com.google.firebase:firebase-auth:20.0.2] AndroidManifest.xml:69:17-89
105-->[com.google.firebase:firebase-auth:20.0.2] AndroidManifest.xml:69:25-86
106
107                <category android:name="android.intent.category.DEFAULT" />
107-->[com.google.firebase:firebase-auth:20.0.2] AndroidManifest.xml:36:17-76
107-->[com.google.firebase:firebase-auth:20.0.2] AndroidManifest.xml:36:27-73
108            </intent-filter>
109        </service>
110        <service
110-->[com.google.firebase:firebase-auth:20.0.2] AndroidManifest.xml:74:9-80:19
111            android:name="com.google.firebase.components.ComponentDiscoveryService"
111-->[com.google.firebase:firebase-auth:20.0.2] AndroidManifest.xml:75:13-84
112            android:directBootAware="true"
112-->[com.google.firebase:firebase-common:19.5.0] AndroidManifest.xml:35:13-43
113            android:exported="false" >
113-->[com.google.firebase:firebase-auth:20.0.2] AndroidManifest.xml:76:13-37
114            <meta-data
114-->[com.google.firebase:firebase-auth:20.0.2] AndroidManifest.xml:77:13-79:85
115                android:name="com.google.firebase.components:com.google.firebase.auth.FirebaseAuthRegistrar"
115-->[com.google.firebase:firebase-auth:20.0.2] AndroidManifest.xml:78:17-109
116                android:value="com.google.firebase.components.ComponentRegistrar" />
116-->[com.google.firebase:firebase-auth:20.0.2] AndroidManifest.xml:79:17-82
117            <meta-data
117-->[com.google.firebase:firebase-database:19.6.0] AndroidManifest.xml:32:13-34:85
118                android:name="com.google.firebase.components:com.google.firebase.database.DatabaseRegistrar"
118-->[com.google.firebase:firebase-database:19.6.0] AndroidManifest.xml:33:17-109
119                android:value="com.google.firebase.components.ComponentRegistrar" />
119-->[com.google.firebase:firebase-database:19.6.0] AndroidManifest.xml:34:17-82
120            <meta-data
120-->[com.google.android.gms:play-services-measurement-api:18.0.2] AndroidManifest.xml:30:13-32:85
121                android:name="com.google.firebase.components:com.google.firebase.analytics.connector.internal.AnalyticsConnectorRegistrar"
121-->[com.google.android.gms:play-services-measurement-api:18.0.2] AndroidManifest.xml:31:17-139
122                android:value="com.google.firebase.components.ComponentRegistrar" />
122-->[com.google.android.gms:play-services-measurement-api:18.0.2] AndroidManifest.xml:32:17-82
123            <meta-data
123-->[com.google.firebase:firebase-installations:16.3.5] AndroidManifest.xml:18:13-20:85
124                android:name="com.google.firebase.components:com.google.firebase.installations.FirebaseInstallationsRegistrar"
124-->[com.google.firebase:firebase-installations:16.3.5] AndroidManifest.xml:19:17-127
125                android:value="com.google.firebase.components.ComponentRegistrar" />
125-->[com.google.firebase:firebase-installations:16.3.5] AndroidManifest.xml:20:17-82
126            <!--
127                This registrar is not defined in the dynamic-module-support sdk itself to allow non-firebase
128                clients to use it as well, by defining this registrar in their own core/common library.
129            -->
130            <meta-data
130-->[com.google.firebase:firebase-common:19.5.0] AndroidManifest.xml:43:13-45:85
131                android:name="com.google.firebase.components:com.google.firebase.dynamicloading.DynamicLoadingRegistrar"
131-->[com.google.firebase:firebase-common:19.5.0] AndroidManifest.xml:44:17-121
132                android:value="com.google.firebase.components.ComponentRegistrar" />
132-->[com.google.firebase:firebase-common:19.5.0] AndroidManifest.xml:45:17-82
133        </service>
134
135        <provider
135-->[com.google.firebase:firebase-common:19.5.0] AndroidManifest.xml:26:9-31:39
136            android:name="com.google.firebase.provider.FirebaseInitProvider"
136-->[com.google.firebase:firebase-common:19.5.0] AndroidManifest.xml:27:13-77
137            android:authorities="com.example.dashcontrol.firebaseinitprovider"
137-->[com.google.firebase:firebase-common:19.5.0] AndroidManifest.xml:28:13-72
138            android:directBootAware="true"
138-->[com.google.firebase:firebase-common:19.5.0] AndroidManifest.xml:29:13-43
139            android:exported="false"
139-->[com.google.firebase:firebase-common:19.5.0] AndroidManifest.xml:30:13-37
140            android:initOrder="100" />
140-->[com.google.firebase:firebase-common:19.5.0] AndroidManifest.xml:31:13-36
141
142        <activity
142-->[com.google.android.gms:play-services-base:17.1.0] AndroidManifest.xml:23:9-26:75
143            android:name="com.google.android.gms.common.api.GoogleApiActivity"
143-->[com.google.android.gms:play-services-base:17.1.0] AndroidManifest.xml:24:13-79
144            android:exported="false"
144-->[com.google.android.gms:play-services-base:17.1.0] AndroidManifest.xml:25:13-37
145            android:theme="@android:style/Theme.Translucent.NoTitleBar" />
145-->[com.google.android.gms:play-services-base:17.1.0] AndroidManifest.xml:26:13-72
146
147        <receiver
147-->[com.google.android.gms:play-services-measurement:18.0.2] AndroidManifest.xml:29:9-33:20
148            android:name="com.google.android.gms.measurement.AppMeasurementReceiver"
148-->[com.google.android.gms:play-services-measurement:18.0.2] AndroidManifest.xml:30:13-85
149            android:enabled="true"
149-->[com.google.android.gms:play-services-measurement:18.0.2] AndroidManifest.xml:31:13-35
150            android:exported="false" >
150-->[com.google.android.gms:play-services-measurement:18.0.2] AndroidManifest.xml:32:13-37
151        </receiver>
152
153        <service
153-->[com.google.android.gms:play-services-measurement:18.0.2] AndroidManifest.xml:35:9-38:40
154            android:name="com.google.android.gms.measurement.AppMeasurementService"
154-->[com.google.android.gms:play-services-measurement:18.0.2] AndroidManifest.xml:36:13-84
155            android:enabled="true"
155-->[com.google.android.gms:play-services-measurement:18.0.2] AndroidManifest.xml:37:13-35
156            android:exported="false" />
156-->[com.google.android.gms:play-services-measurement:18.0.2] AndroidManifest.xml:38:13-37
157        <service
157-->[com.google.android.gms:play-services-measurement:18.0.2] AndroidManifest.xml:39:9-43:72
158            android:name="com.google.android.gms.measurement.AppMeasurementJobService"
158-->[com.google.android.gms:play-services-measurement:18.0.2] AndroidManifest.xml:40:13-87
159            android:enabled="true"
159-->[com.google.android.gms:play-services-measurement:18.0.2] AndroidManifest.xml:41:13-35
160            android:exported="false"
160-->[com.google.android.gms:play-services-measurement:18.0.2] AndroidManifest.xml:42:13-37
161            android:permission="android.permission.BIND_JOB_SERVICE" />
161-->[com.google.android.gms:play-services-measurement:18.0.2] AndroidManifest.xml:43:13-69
162
163        <meta-data
163-->[com.google.android.gms:play-services-basement:17.1.0] AndroidManifest.xml:23:9-25:69
164            android:name="com.google.android.gms.version"
164-->[com.google.android.gms:play-services-basement:17.1.0] AndroidManifest.xml:24:13-58
165            android:value="@integer/google_play_services_version" />
165-->[com.google.android.gms:play-services-basement:17.1.0] AndroidManifest.xml:25:13-66
166    </application>
167
168</manifest>